2024-03-28 20:15:53,996 - #### START RUN ####
2024-03-28 20:15:53,997 - #### START RUN ####
2024-03-28 20:15:53,997 - Cac tham so truyen vao:
 Namespace(purpose='Cifar', device='cuda:0', global_seed=0, use_wandb=False, keep_clients_model=False, no_norm=False, optimizer='SGD', num_epochs=5, client_lr=0.01, client_lr_scheduler='diminishing', sgd_momentum=0.9, sgd_weight_decay=1e-05, use_sam=False, yamlfile='./Cifar10_Conv2Cifar.yaml', strategy='FedNH', num_clients=100, num_rounds=200, participate_ratio=0.1, partition='noniid-label-distribution', beta='0.3', num_classes_per_client=None, num_shards_per_client=None, FedNH_smoothing=0.9, FedNH_server_adv_prototype_agg=False, FedNH_client_adv_prototype_agg=False, FedROD_hyper_clf=True, FedROD_phead_separate=False, FedProto_lambda=0.1, FedRep_head_epochs=10, FedBABU_finetune_epoch=5, Ditto_lambda=0.75, CReFF_num_of_fl_feature=100, CReFF_match_epoch=100, CReFF_crt_epoch=300, CReFF_lr_net=0.01, CReFF_lr_feature=0.1)
2024-03-28 20:15:54,004 - results are saved in: ./Cifar_FedNH/FedNH_Cifar10_Conv2Cifar_noniid-label-distribution_beta_0.3_num_clients_100_participate_ratio_0.1_global_seed_0_FedNH_smoothing_0.9_FedNH_client_adv_prototype_agg_False_no_norm_False
2024-03-28 20:16:56,983 - #### START RUN ####
2024-03-28 20:16:56,986 - #### START RUN ####
2024-03-28 20:16:56,986 - Cac tham so truyen vao:
 Namespace(purpose='Cifar', device='cuda:0', global_seed=0, use_wandb=False, keep_clients_model=False, no_norm=False, optimizer='SGD', num_epochs=5, client_lr=0.01, client_lr_scheduler='diminishing', sgd_momentum=0.9, sgd_weight_decay=1e-05, use_sam=False, yamlfile='./Cifar10_Conv2Cifar.yaml', strategy='FedNH', num_clients=100, num_rounds=200, participate_ratio=0.1, partition='noniid-label-distribution', beta='0.3', num_classes_per_client=None, num_shards_per_client=None, FedNH_smoothing=0.9, FedNH_server_adv_prototype_agg=False, FedNH_client_adv_prototype_agg=False, FedROD_hyper_clf=True, FedROD_phead_separate=False, FedProto_lambda=0.1, FedRep_head_epochs=10, FedBABU_finetune_epoch=5, Ditto_lambda=0.75, CReFF_num_of_fl_feature=100, CReFF_match_epoch=100, CReFF_crt_epoch=300, CReFF_lr_net=0.01, CReFF_lr_feature=0.1)
2024-03-28 20:16:56,991 - results are saved in: ./Cifar_FedNH/FedNH_Cifar10_Conv2Cifar_noniid-label-distribution_beta_0.3_num_clients_100_participate_ratio_0.1_global_seed_0_FedNH_smoothing_0.9_FedNH_client_adv_prototype_agg_False_no_norm_False
2024-03-28 20:18:43,956 - #### START RUN ####
2024-03-28 20:18:43,958 - #### START RUN ####
2024-03-28 20:18:43,958 - Cac tham so truyen vao:
 Namespace(purpose='Cifar', device='cuda:0', global_seed=0, use_wandb=False, keep_clients_model=False, no_norm=False, optimizer='SGD', num_epochs=5, client_lr=0.01, client_lr_scheduler='diminishing', sgd_momentum=0.9, sgd_weight_decay=1e-05, use_sam=False, yamlfile='./Cifar10_Conv2Cifar.yaml', strategy='FedNH', num_clients=100, num_rounds=200, participate_ratio=0.1, partition='noniid-label-distribution', beta='0.3', num_classes_per_client=None, num_shards_per_client=None, FedNH_smoothing=0.9, FedNH_server_adv_prototype_agg=False, FedNH_client_adv_prototype_agg=False, FedROD_hyper_clf=True, FedROD_phead_separate=False, FedProto_lambda=0.1, FedRep_head_epochs=10, FedBABU_finetune_epoch=5, Ditto_lambda=0.75, CReFF_num_of_fl_feature=100, CReFF_match_epoch=100, CReFF_crt_epoch=300, CReFF_lr_net=0.01, CReFF_lr_feature=0.1)
2024-03-28 20:18:43,963 - results are saved in: ./Cifar_FedNH/FedNH_Cifar10_Conv2Cifar_noniid-label-distribution_beta_0.3_num_clients_100_participate_ratio_0.1_global_seed_0_FedNH_smoothing_0.9_FedNH_client_adv_prototype_agg_False_no_norm_False
2024-03-28 20:23:15,151 - #### START RUN ####
2024-04-23 13:06:53,415 - #### START RUN ####
2024-04-23 13:06:53,417 - #### START RUN ####
2024-04-23 13:06:53,417 - Cac tham so truyen vao:
 Namespace(purpose='Cifar', device='cuda:0', global_seed=0, use_wandb=False, keep_clients_model=False, no_norm=False, optimizer='SGD', num_epochs=5, client_lr=0.01, client_lr_scheduler='diminishing', sgd_momentum=0.9, sgd_weight_decay=1e-05, use_sam=False, yamlfile='./Cifar10_Conv2Cifar.yaml', strategy='FedNH', num_clients=100, num_rounds=200, participate_ratio=0.1, partition='noniid-label-distribution', beta='0.3', num_classes_per_client=None, num_shards_per_client=None, FedNH_smoothing=0.9, FedNH_server_adv_prototype_agg=False, FedNH_client_adv_prototype_agg=False, FedROD_hyper_clf=True, FedROD_phead_separate=False, FedProto_lambda=0.1, FedRep_head_epochs=10, FedBABU_finetune_epoch=5, Ditto_lambda=0.75, CReFF_num_of_fl_feature=100, CReFF_match_epoch=100, CReFF_crt_epoch=300, CReFF_lr_net=0.01, CReFF_lr_feature=0.1)
2024-04-23 13:06:53,420 - results are saved in: ./Cifar_FedNH/FedNH_Cifar10_Conv2Cifar_noniid-label-distribution_beta_0.3_num_clients_100_participate_ratio_0.1_global_seed_0_FedNH_smoothing_0.9_FedNH_client_adv_prototype_agg_False_no_norm_False
2024-04-23 13:07:49,517 - #### START RUN ####
2024-04-23 13:07:49,521 - #### START RUN ####
2024-04-23 13:07:49,521 - Cac tham so truyen vao:
 Namespace(purpose='Cifar', device='cuda:0', global_seed=0, use_wandb=False, keep_clients_model=False, no_norm=False, optimizer='SGD', num_epochs=5, client_lr=0.01, client_lr_scheduler='diminishing', sgd_momentum=0.9, sgd_weight_decay=1e-05, use_sam=False, yamlfile='./Cifar10_Conv2Cifar.yaml', strategy='FedNH', num_clients=100, num_rounds=200, participate_ratio=0.1, partition='noniid-label-distribution', beta='0.3', num_classes_per_client=None, num_shards_per_client=None, FedNH_smoothing=0.9, FedNH_server_adv_prototype_agg=False, FedNH_client_adv_prototype_agg=False, FedROD_hyper_clf=True, FedROD_phead_separate=False, FedProto_lambda=0.1, FedRep_head_epochs=10, FedBABU_finetune_epoch=5, Ditto_lambda=0.75, CReFF_num_of_fl_feature=100, CReFF_match_epoch=100, CReFF_crt_epoch=300, CReFF_lr_net=0.01, CReFF_lr_feature=0.1)
2024-04-23 13:07:49,524 - results are saved in: ./Cifar_FedNH/FedNH_Cifar10_Conv2Cifar_noniid-label-distribution_beta_0.3_num_clients_100_participate_ratio_0.1_global_seed_0_FedNH_smoothing_0.9_FedNH_client_adv_prototype_agg_False_no_norm_False
2024-04-23 13:09:49,252 - #### START RUN ####
2024-04-23 13:09:49,255 - #### START RUN ####
2024-04-23 13:09:49,255 - Cac tham so truyen vao:
 Namespace(purpose='Cifar', device='cuda:2', global_seed=0, use_wandb=False, keep_clients_model=False, no_norm=False, optimizer='SGD', num_epochs=5, client_lr=0.01, client_lr_scheduler='diminishing', sgd_momentum=0.9, sgd_weight_decay=1e-05, use_sam=False, yamlfile='./Cifar10_Conv2Cifar.yaml', strategy='FedNH', num_clients=100, num_rounds=200, participate_ratio=0.1, partition='noniid-label-distribution', beta='0.3', num_classes_per_client=None, num_shards_per_client=None, FedNH_smoothing=0.9, FedNH_server_adv_prototype_agg=False, FedNH_client_adv_prototype_agg=False, FedROD_hyper_clf=True, FedROD_phead_separate=False, FedProto_lambda=0.1, FedRep_head_epochs=10, FedBABU_finetune_epoch=5, Ditto_lambda=0.75, CReFF_num_of_fl_feature=100, CReFF_match_epoch=100, CReFF_crt_epoch=300, CReFF_lr_net=0.01, CReFF_lr_feature=0.1)
2024-04-23 13:09:49,278 - results are saved in: ./Cifar_FedNH/FedNH_Cifar10_Conv2Cifar_noniid-label-distribution_beta_0.3_num_clients_100_participate_ratio_0.1_global_seed_0_FedNH_smoothing_0.9_FedNH_client_adv_prototype_agg_False_no_norm_False
2024-04-23 13:10:52,419 - #### START RUN ####
2024-04-23 13:10:52,422 - #### START RUN ####
2024-04-23 13:10:52,422 - Cac tham so truyen vao:
 Namespace(purpose='Cifar', device='cuda:2', global_seed=0, use_wandb=False, keep_clients_model=False, no_norm=False, optimizer='SGD', num_epochs=5, client_lr=0.01, client_lr_scheduler='diminishing', sgd_momentum=0.9, sgd_weight_decay=1e-05, use_sam=False, yamlfile='./Cifar10_Conv2Cifar.yaml', strategy='FedNH', num_clients=100, num_rounds=200, participate_ratio=0.1, partition='noniid-label-distribution', beta='0.3', num_classes_per_client=None, num_shards_per_client=None, FedNH_smoothing=0.9, FedNH_server_adv_prototype_agg=False, FedNH_client_adv_prototype_agg=False, FedROD_hyper_clf=True, FedROD_phead_separate=False, FedProto_lambda=0.1, FedRep_head_epochs=10, FedBABU_finetune_epoch=5, Ditto_lambda=0.75, CReFF_num_of_fl_feature=100, CReFF_match_epoch=100, CReFF_crt_epoch=300, CReFF_lr_net=0.01, CReFF_lr_feature=0.1)
2024-04-23 13:10:52,425 - results are saved in: ./Cifar_FedNH/FedNH_Cifar10_Conv2Cifar_noniid-label-distribution_beta_0.3_num_clients_100_participate_ratio_0.1_global_seed_0_FedNH_smoothing_0.9_FedNH_client_adv_prototype_agg_False_no_norm_False
2024-04-23 13:14:26,440 - #### START RUN ####
2024-04-23 13:14:26,450 - #### START RUN ####
2024-04-23 13:14:26,450 - Cac tham so truyen vao:
 Namespace(purpose='Cifar', device='cuda:2', global_seed=0, use_wandb=False, keep_clients_model=False, no_norm=False, optimizer='SGD', num_epochs=5, client_lr=0.01, client_lr_scheduler='diminishing', sgd_momentum=0.9, sgd_weight_decay=1e-05, use_sam=False, yamlfile='./Cifar10_Conv2Cifar.yaml', strategy='FedNH', num_clients=100, num_rounds=200, participate_ratio=0.1, partition='noniid-label-distribution', beta='0.3', num_classes_per_client=None, num_shards_per_client=None, FedNH_smoothing=0.9, FedNH_server_adv_prototype_agg=False, FedNH_client_adv_prototype_agg=False, FedROD_hyper_clf=True, FedROD_phead_separate=False, FedProto_lambda=0.1, FedRep_head_epochs=10, FedBABU_finetune_epoch=5, Ditto_lambda=0.75, CReFF_num_of_fl_feature=100, CReFF_match_epoch=100, CReFF_crt_epoch=300, CReFF_lr_net=0.01, CReFF_lr_feature=0.1)
2024-04-23 13:14:26,454 - results are saved in: ./Cifar_FedNH/FedNH_Cifar10_Conv2Cifar_noniid-label-distribution_beta_0.3_num_clients_100_participate_ratio_0.1_global_seed_0_FedNH_smoothing_0.9_FedNH_client_adv_prototype_agg_False_no_norm_False
2024-04-23 13:15:18,742 - #### START RUN ####
2024-04-23 13:15:18,743 - #### START RUN ####
2024-04-23 13:15:18,743 - Cac tham so truyen vao:
 Namespace(purpose='Cifar', device='cuda:2', global_seed=0, use_wandb=True, keep_clients_model=False, no_norm=False, optimizer='SGD', num_epochs=5, client_lr=0.01, client_lr_scheduler='diminishing', sgd_momentum=0.9, sgd_weight_decay=1e-05, use_sam=False, yamlfile='./Cifar10_Conv2Cifar.yaml', strategy='FedNH', num_clients=100, num_rounds=200, participate_ratio=0.1, partition='noniid-label-distribution', beta='0.3', num_classes_per_client=None, num_shards_per_client=None, FedNH_smoothing=0.9, FedNH_server_adv_prototype_agg=False, FedNH_client_adv_prototype_agg=False, FedROD_hyper_clf=True, FedROD_phead_separate=False, FedProto_lambda=0.1, FedRep_head_epochs=10, FedBABU_finetune_epoch=5, Ditto_lambda=0.75, CReFF_num_of_fl_feature=100, CReFF_match_epoch=100, CReFF_crt_epoch=300, CReFF_lr_net=0.01, CReFF_lr_feature=0.1)
2024-04-23 13:15:18,746 - results are saved in: ./Cifar_FedNH/FedNH_Cifar10_Conv2Cifar_noniid-label-distribution_beta_0.3_num_clients_100_participate_ratio_0.1_global_seed_0_FedNH_smoothing_0.9_FedNH_client_adv_prototype_agg_False_no_norm_False
2024-04-23 13:15:36,742 - #### START RUN ####
2024-04-23 13:15:36,744 - #### START RUN ####
2024-04-23 13:15:36,744 - Cac tham so truyen vao:
 Namespace(purpose='Cifar', device='cuda:2', global_seed=0, use_wandb=False, keep_clients_model=False, no_norm=False, optimizer='SGD', num_epochs=5, client_lr=0.01, client_lr_scheduler='diminishing', sgd_momentum=0.9, sgd_weight_decay=1e-05, use_sam=False, yamlfile='./Cifar10_Conv2Cifar.yaml', strategy='FedNH', num_clients=100, num_rounds=200, participate_ratio=0.1, partition='noniid-label-distribution', beta='0.3', num_classes_per_client=None, num_shards_per_client=None, FedNH_smoothing=0.9, FedNH_server_adv_prototype_agg=False, FedNH_client_adv_prototype_agg=False, FedROD_hyper_clf=True, FedROD_phead_separate=False, FedProto_lambda=0.1, FedRep_head_epochs=10, FedBABU_finetune_epoch=5, Ditto_lambda=0.75, CReFF_num_of_fl_feature=100, CReFF_match_epoch=100, CReFF_crt_epoch=300, CReFF_lr_net=0.01, CReFF_lr_feature=0.1)
2024-04-23 13:15:36,749 - results are saved in: ./Cifar_FedNH/FedNH_Cifar10_Conv2Cifar_noniid-label-distribution_beta_0.3_num_clients_100_participate_ratio_0.1_global_seed_0_FedNH_smoothing_0.9_FedNH_client_adv_prototype_agg_False_no_norm_False
2024-04-23 13:16:06,847 - #### START RUN ####
2024-04-23 13:16:06,854 - #### START RUN ####
2024-04-23 13:16:06,854 - Cac tham so truyen vao:
 Namespace(purpose='Cifar', device='cuda:2', global_seed=0, use_wandb=False, keep_clients_model=False, no_norm=False, optimizer='SGD', num_epochs=5, client_lr=0.01, client_lr_scheduler='diminishing', sgd_momentum=0.9, sgd_weight_decay=1e-05, use_sam=False, yamlfile='./Cifar10_Conv2Cifar.yaml', strategy='FedNH', num_clients=100, num_rounds=200, participate_ratio=0.1, partition='noniid-label-distribution', beta='0.3', num_classes_per_client=None, num_shards_per_client=None, FedNH_smoothing=0.9, FedNH_server_adv_prototype_agg=False, FedNH_client_adv_prototype_agg=False, FedROD_hyper_clf=True, FedROD_phead_separate=False, FedProto_lambda=0.1, FedRep_head_epochs=10, FedBABU_finetune_epoch=5, Ditto_lambda=0.75, CReFF_num_of_fl_feature=100, CReFF_match_epoch=100, CReFF_crt_epoch=300, CReFF_lr_net=0.01, CReFF_lr_feature=0.1)
2024-04-23 13:16:06,857 - results are saved in: ./Cifar_FedNH/FedNH_Cifar10_Conv2Cifar_noniid-label-distribution_beta_0.3_num_clients_100_participate_ratio_0.1_global_seed_0_FedNH_smoothing_0.9_FedNH_client_adv_prototype_agg_False_no_norm_False
2024-04-24 22:17:23,896 - #### START RUN ####
2024-04-24 22:17:23,897 - #### START RUN ####
2024-04-24 22:17:23,897 - Cac tham so truyen vao:
 Namespace(purpose='Cifar', device='cuda:2', global_seed=0, use_wandb=False, keep_clients_model=False, no_norm=False, optimizer='SGD', num_epochs=5, client_lr=0.01, client_lr_scheduler='diminishing', sgd_momentum=0.9, sgd_weight_decay=1e-05, use_sam=False, yamlfile='./Cifar10_Conv2Cifar.yaml', strategy='FedNH', num_clients=100, num_rounds=200, participate_ratio=0.1, partition='noniid-label-distribution', beta='0.3', num_classes_per_client=None, num_shards_per_client=None, FedNH_smoothing=0.9, FedNH_server_adv_prototype_agg=False, FedNH_client_adv_prototype_agg=False, FedROD_hyper_clf=True, FedROD_phead_separate=False, FedProto_lambda=0.1, FedRep_head_epochs=10, FedBABU_finetune_epoch=5, Ditto_lambda=0.75, CReFF_num_of_fl_feature=100, CReFF_match_epoch=100, CReFF_crt_epoch=300, CReFF_lr_net=0.01, CReFF_lr_feature=0.1)
2024-04-24 22:17:23,922 - results are saved in: ./Cifar_FedNH/FedNH_braintumor_Conv2Cifar_noniid-label-distribution_beta_0.3_num_clients_100_participate_ratio_0.1_global_seed_0_FedNH_smoothing_0.9_FedNH_client_adv_prototype_agg_False_no_norm_False
2024-04-24 22:17:44,696 - #### START RUN ####
2024-04-24 22:17:44,699 - #### START RUN ####
2024-04-24 22:17:44,699 - Cac tham so truyen vao:
 Namespace(purpose='Cifar', device='cuda:2', global_seed=0, use_wandb=False, keep_clients_model=False, no_norm=False, optimizer='SGD', num_epochs=5, client_lr=0.01, client_lr_scheduler='diminishing', sgd_momentum=0.9, sgd_weight_decay=1e-05, use_sam=False, yamlfile='./Cifar10_Conv2Cifar.yaml', strategy='FedNH', num_clients=100, num_rounds=200, participate_ratio=0.1, partition='noniid-label-distribution', beta='0.3', num_classes_per_client=None, num_shards_per_client=None, FedNH_smoothing=0.9, FedNH_server_adv_prototype_agg=False, FedNH_client_adv_prototype_agg=False, FedROD_hyper_clf=True, FedROD_phead_separate=False, FedProto_lambda=0.1, FedRep_head_epochs=10, FedBABU_finetune_epoch=5, Ditto_lambda=0.75, CReFF_num_of_fl_feature=100, CReFF_match_epoch=100, CReFF_crt_epoch=300, CReFF_lr_net=0.01, CReFF_lr_feature=0.1)
2024-04-24 22:17:44,713 - results are saved in: ./Cifar_FedNH/FedNH_Cifar10_Conv2Cifar_noniid-label-distribution_beta_0.3_num_clients_100_participate_ratio_0.1_global_seed_0_FedNH_smoothing_0.9_FedNH_client_adv_prototype_agg_False_no_norm_False
2024-04-24 22:18:16,536 - #### START RUN ####
2024-04-24 22:18:16,537 - #### START RUN ####
2024-04-24 22:18:16,538 - Cac tham so truyen vao:
 Namespace(purpose='Cifar', device='cuda:2', global_seed=0, use_wandb=False, keep_clients_model=False, no_norm=False, optimizer='SGD', num_epochs=5, client_lr=0.01, client_lr_scheduler='diminishing', sgd_momentum=0.9, sgd_weight_decay=1e-05, use_sam=False, yamlfile='./Cifar10_Conv2Cifar.yaml', strategy='FedNH', num_clients=100, num_rounds=200, participate_ratio=0.1, partition='noniid-label-distribution', beta='0.3', num_classes_per_client=None, num_shards_per_client=None, FedNH_smoothing=0.9, FedNH_server_adv_prototype_agg=False, FedNH_client_adv_prototype_agg=False, FedROD_hyper_clf=True, FedROD_phead_separate=False, FedProto_lambda=0.1, FedRep_head_epochs=10, FedBABU_finetune_epoch=5, Ditto_lambda=0.75, CReFF_num_of_fl_feature=100, CReFF_match_epoch=100, CReFF_crt_epoch=300, CReFF_lr_net=0.01, CReFF_lr_feature=0.1)
2024-04-24 22:18:16,542 - results are saved in: ./Cifar_FedNH/FedNH_braintumor_Conv2Cifar_noniid-label-distribution_beta_0.3_num_clients_100_participate_ratio_0.1_global_seed_0_FedNH_smoothing_0.9_FedNH_client_adv_prototype_agg_False_no_norm_False
2024-04-24 22:22:23,753 - #### START RUN ####
2024-04-24 22:22:23,756 - #### START RUN ####
2024-04-24 22:22:23,756 - Cac tham so truyen vao:
 Namespace(purpose='Cifar', device='cuda:2', global_seed=0, use_wandb=False, keep_clients_model=False, no_norm=False, optimizer='SGD', num_epochs=5, client_lr=0.01, client_lr_scheduler='diminishing', sgd_momentum=0.9, sgd_weight_decay=1e-05, use_sam=False, yamlfile='./Cifar10_Conv2Cifar.yaml', strategy='FedNH', num_clients=100, num_rounds=200, participate_ratio=0.1, partition='noniid-label-distribution', beta='0.8', num_classes_per_client=None, num_shards_per_client=None, FedNH_smoothing=0.9, FedNH_server_adv_prototype_agg=False, FedNH_client_adv_prototype_agg=False, FedROD_hyper_clf=True, FedROD_phead_separate=False, FedProto_lambda=0.1, FedRep_head_epochs=10, FedBABU_finetune_epoch=5, Ditto_lambda=0.75, CReFF_num_of_fl_feature=100, CReFF_match_epoch=100, CReFF_crt_epoch=300, CReFF_lr_net=0.01, CReFF_lr_feature=0.1)
2024-04-24 22:22:23,760 - results are saved in: ./Cifar_FedNH/FedNH_braintumor_Conv2Cifar_noniid-label-distribution_beta_0.8_num_clients_100_participate_ratio_0.1_global_seed_0_FedNH_smoothing_0.9_FedNH_client_adv_prototype_agg_False_no_norm_False
2024-04-24 22:25:03,069 - #### START RUN ####
2024-04-24 22:25:03,071 - #### START RUN ####
2024-04-24 22:25:03,071 - Cac tham so truyen vao:
 Namespace(purpose='Cifar', device='cuda:2', global_seed=0, use_wandb=False, keep_clients_model=False, no_norm=False, optimizer='SGD', num_epochs=5, client_lr=0.01, client_lr_scheduler='diminishing', sgd_momentum=0.9, sgd_weight_decay=1e-05, use_sam=False, yamlfile='./Cifar10_Conv2Cifar.yaml', strategy='FedNH', num_clients=10, num_rounds=200, participate_ratio=0.1, partition='noniid-label-distribution', beta='0.8', num_classes_per_client=None, num_shards_per_client=None, FedNH_smoothing=0.9, FedNH_server_adv_prototype_agg=False, FedNH_client_adv_prototype_agg=False, FedROD_hyper_clf=True, FedROD_phead_separate=False, FedProto_lambda=0.1, FedRep_head_epochs=10, FedBABU_finetune_epoch=5, Ditto_lambda=0.75, CReFF_num_of_fl_feature=100, CReFF_match_epoch=100, CReFF_crt_epoch=300, CReFF_lr_net=0.01, CReFF_lr_feature=0.1)
2024-04-24 22:25:03,075 - results are saved in: ./Cifar_FedNH/FedNH_braintumor_Conv2Cifar_noniid-label-distribution_beta_0.8_num_clients_10_participate_ratio_0.1_global_seed_0_FedNH_smoothing_0.9_FedNH_client_adv_prototype_agg_False_no_norm_False
2024-04-24 22:27:35,347 - #### START RUN ####
2024-04-24 22:27:35,350 - #### START RUN ####
2024-04-24 22:27:35,350 - Cac tham so truyen vao:
 Namespace(purpose='Cifar', device='cuda:2', global_seed=0, use_wandb=False, keep_clients_model=False, no_norm=False, optimizer='SGD', num_epochs=5, client_lr=0.01, client_lr_scheduler='diminishing', sgd_momentum=0.9, sgd_weight_decay=1e-05, use_sam=False, yamlfile='./Cifar10_Conv2Cifar.yaml', strategy='FedNH', num_clients=10, num_rounds=200, participate_ratio=0.1, partition='noniid-label-distribution', beta='0.8', num_classes_per_client=None, num_shards_per_client=None, FedNH_smoothing=0.9, FedNH_server_adv_prototype_agg=False, FedNH_client_adv_prototype_agg=False, FedROD_hyper_clf=True, FedROD_phead_separate=False, FedProto_lambda=0.1, FedRep_head_epochs=10, FedBABU_finetune_epoch=5, Ditto_lambda=0.75, CReFF_num_of_fl_feature=100, CReFF_match_epoch=100, CReFF_crt_epoch=300, CReFF_lr_net=0.01, CReFF_lr_feature=0.1)
2024-04-24 22:27:35,355 - results are saved in: ./Cifar_FedNH/FedNH_braintumor_Conv2Cifar_noniid-label-distribution_beta_0.8_num_clients_10_participate_ratio_0.1_global_seed_0_FedNH_smoothing_0.9_FedNH_client_adv_prototype_agg_False_no_norm_False
2024-04-24 22:45:02,235 - #### START RUN ####
2024-04-24 22:45:02,238 - #### START RUN ####
2024-04-24 22:45:02,238 - Cac tham so truyen vao:
 Namespace(purpose='Cifar', device='cuda:2', global_seed=0, use_wandb=False, keep_clients_model=False, no_norm=False, optimizer='SGD', num_epochs=5, client_lr=0.01, client_lr_scheduler='diminishing', sgd_momentum=0.9, sgd_weight_decay=1e-05, use_sam=False, yamlfile='./Cifar10_Conv2Cifar.yaml', strategy='FedNH', num_clients=10, num_rounds=200, participate_ratio=0.1, partition='noniid-label-distribution', beta='1.0', num_classes_per_client=None, num_shards_per_client=None, FedNH_smoothing=0.9, FedNH_server_adv_prototype_agg=False, FedNH_client_adv_prototype_agg=False, FedROD_hyper_clf=True, FedROD_phead_separate=False, FedProto_lambda=0.1, FedRep_head_epochs=10, FedBABU_finetune_epoch=5, Ditto_lambda=0.75, CReFF_num_of_fl_feature=100, CReFF_match_epoch=100, CReFF_crt_epoch=300, CReFF_lr_net=0.01, CReFF_lr_feature=0.1)
2024-04-24 22:45:02,242 - results are saved in: ./Cifar_FedNH/FedNH_braintumor_Conv2Cifar_noniid-label-distribution_beta_1.0_num_clients_10_participate_ratio_0.1_global_seed_0_FedNH_smoothing_0.9_FedNH_client_adv_prototype_agg_False_no_norm_False
2024-04-24 22:50:03,747 - #### START RUN ####
2024-04-24 22:50:03,748 - #### START RUN ####
2024-04-24 22:50:03,749 - Cac tham so truyen vao:
 Namespace(purpose='Cifar', device='cuda:2', global_seed=0, use_wandb=False, keep_clients_model=False, no_norm=False, optimizer='SGD', num_epochs=5, client_lr=0.01, client_lr_scheduler='diminishing', sgd_momentum=0.9, sgd_weight_decay=1e-05, use_sam=False, yamlfile='./Cifar10_Conv2Cifar.yaml', strategy='FedNH', num_clients=10, num_rounds=200, participate_ratio=0.1, partition='noniid-label-distribution', beta='1.0', num_classes_per_client=None, num_shards_per_client=None, FedNH_smoothing=0.9, FedNH_server_adv_prototype_agg=False, FedNH_client_adv_prototype_agg=False, FedROD_hyper_clf=True, FedROD_phead_separate=False, FedProto_lambda=0.1, FedRep_head_epochs=10, FedBABU_finetune_epoch=5, Ditto_lambda=0.75, CReFF_num_of_fl_feature=100, CReFF_match_epoch=100, CReFF_crt_epoch=300, CReFF_lr_net=0.01, CReFF_lr_feature=0.1)
2024-04-24 22:50:03,752 - results are saved in: ./Cifar_FedNH/FedNH_braintumor_Conv2Cifar_noniid-label-distribution_beta_1.0_num_clients_10_participate_ratio_0.1_global_seed_0_FedNH_smoothing_0.9_FedNH_client_adv_prototype_agg_False_no_norm_False
2024-04-24 22:50:23,611 - #### START RUN ####
2024-04-24 22:50:23,612 - #### START RUN ####
2024-04-24 22:50:23,612 - Cac tham so truyen vao:
 Namespace(purpose='Cifar', device='cuda:2', global_seed=0, use_wandb=False, keep_clients_model=False, no_norm=False, optimizer='SGD', num_epochs=5, client_lr=0.01, client_lr_scheduler='diminishing', sgd_momentum=0.9, sgd_weight_decay=1e-05, use_sam=False, yamlfile='./Cifar10_Conv2Cifar.yaml', strategy='FedNH', num_clients=10, num_rounds=200, participate_ratio=0.1, partition='noniid-label-distribution', beta='1.0', num_classes_per_client=None, num_shards_per_client=None, FedNH_smoothing=0.9, FedNH_server_adv_prototype_agg=False, FedNH_client_adv_prototype_agg=False, FedROD_hyper_clf=True, FedROD_phead_separate=False, FedProto_lambda=0.1, FedRep_head_epochs=10, FedBABU_finetune_epoch=5, Ditto_lambda=0.75, CReFF_num_of_fl_feature=100, CReFF_match_epoch=100, CReFF_crt_epoch=300, CReFF_lr_net=0.01, CReFF_lr_feature=0.1)
2024-04-24 22:50:23,616 - results are saved in: ./Cifar_FedNH/FedNH_braintumor_Conv2Cifar_noniid-label-distribution_beta_1.0_num_clients_10_participate_ratio_0.1_global_seed_0_FedNH_smoothing_0.9_FedNH_client_adv_prototype_agg_False_no_norm_False
2024-04-24 22:52:42,145 - #### START RUN ####
2024-04-24 22:52:42,146 - #### START RUN ####
2024-04-24 22:52:42,146 - Cac tham so truyen vao:
 Namespace(purpose='Cifar', device='cuda:2', global_seed=0, use_wandb=False, keep_clients_model=False, no_norm=False, optimizer='SGD', num_epochs=5, client_lr=0.01, client_lr_scheduler='diminishing', sgd_momentum=0.9, sgd_weight_decay=1e-05, use_sam=False, yamlfile='./Cifar10_Conv2Cifar.yaml', strategy='FedNH', num_clients=10, num_rounds=200, participate_ratio=0.1, partition='noniid-label-distribution', beta='1.0', num_classes_per_client=None, num_shards_per_client=None, FedNH_smoothing=0.9, FedNH_server_adv_prototype_agg=False, FedNH_client_adv_prototype_agg=False, FedROD_hyper_clf=True, FedROD_phead_separate=False, FedProto_lambda=0.1, FedRep_head_epochs=10, FedBABU_finetune_epoch=5, Ditto_lambda=0.75, CReFF_num_of_fl_feature=100, CReFF_match_epoch=100, CReFF_crt_epoch=300, CReFF_lr_net=0.01, CReFF_lr_feature=0.1)
2024-04-24 22:52:42,151 - results are saved in: ./Cifar_FedNH/FedNH_braintumor_Conv2Cifar_noniid-label-distribution_beta_1.0_num_clients_10_participate_ratio_0.1_global_seed_0_FedNH_smoothing_0.9_FedNH_client_adv_prototype_agg_False_no_norm_False
2024-04-24 22:53:19,844 - #### START RUN ####
2024-04-24 22:53:19,850 - #### START RUN ####
2024-04-24 22:53:19,850 - Cac tham so truyen vao:
 Namespace(purpose='Cifar', device='cuda:2', global_seed=0, use_wandb=False, keep_clients_model=False, no_norm=False, optimizer='SGD', num_epochs=5, client_lr=0.01, client_lr_scheduler='diminishing', sgd_momentum=0.9, sgd_weight_decay=1e-05, use_sam=False, yamlfile='./Cifar10_Conv2Cifar.yaml', strategy='FedNH', num_clients=10, num_rounds=200, participate_ratio=0.1, partition='noniid-label-distribution', beta='1.0', num_classes_per_client=None, num_shards_per_client=None, FedNH_smoothing=0.9, FedNH_server_adv_prototype_agg=False, FedNH_client_adv_prototype_agg=False, FedROD_hyper_clf=True, FedROD_phead_separate=False, FedProto_lambda=0.1, FedRep_head_epochs=10, FedBABU_finetune_epoch=5, Ditto_lambda=0.75, CReFF_num_of_fl_feature=100, CReFF_match_epoch=100, CReFF_crt_epoch=300, CReFF_lr_net=0.01, CReFF_lr_feature=0.1)
2024-04-24 22:53:19,854 - results are saved in: ./Cifar_FedNH/FedNH_braintumor_Conv2Cifar_noniid-label-distribution_beta_1.0_num_clients_10_participate_ratio_0.1_global_seed_0_FedNH_smoothing_0.9_FedNH_client_adv_prototype_agg_False_no_norm_False
2024-04-24 22:57:02,174 - #### START RUN ####
2024-04-24 22:57:02,175 - #### START RUN ####
2024-04-24 22:57:02,175 - Cac tham so truyen vao:
 Namespace(purpose='Braintumor', device='cuda:1', global_seed=0, use_wandb=False, keep_clients_model=False, no_norm=False, optimizer='SGD', num_epochs=5, client_lr=0.01, client_lr_scheduler='diminishing', sgd_momentum=0.9, sgd_weight_decay=1e-05, use_sam=False, yamlfile='./Cifar10_Conv2Cifar.yaml', strategy='FedNH', num_clients=10, num_rounds=200, participate_ratio=0.1, partition='noniid-label-distribution', beta='0.3', num_classes_per_client=None, num_shards_per_client=None, FedNH_smoothing=0.9, FedNH_server_adv_prototype_agg=False, FedNH_client_adv_prototype_agg=False, FedROD_hyper_clf=True, FedROD_phead_separate=False, FedProto_lambda=0.1, FedRep_head_epochs=10, FedBABU_finetune_epoch=5, Ditto_lambda=0.75, CReFF_num_of_fl_feature=100, CReFF_match_epoch=100, CReFF_crt_epoch=300, CReFF_lr_net=0.01, CReFF_lr_feature=0.1)
2024-04-24 22:57:02,181 - results are saved in: ./Braintumor_FedNH/FedNH_braintumor_Conv2Cifar_noniid-label-distribution_beta_0.3_num_clients_10_participate_ratio_0.1_global_seed_0_FedNH_smoothing_0.9_FedNH_client_adv_prototype_agg_False_no_norm_False
2024-04-24 23:00:00,054 - #### START RUN ####
2024-04-24 23:00:00,058 - #### START RUN ####
2024-04-24 23:00:00,058 - Cac tham so truyen vao:
 Namespace(purpose='Braintumor', device='cuda:1', global_seed=0, use_wandb=False, keep_clients_model=False, no_norm=False, optimizer='SGD', num_epochs=5, client_lr=0.01, client_lr_scheduler='diminishing', sgd_momentum=0.9, sgd_weight_decay=1e-05, use_sam=False, yamlfile='./Cifar10_Conv2Cifar.yaml', strategy='FedNH', num_clients=10, num_rounds=200, participate_ratio=0.1, partition='noniid-label-distribution', beta='0.3', num_classes_per_client=None, num_shards_per_client=None, FedNH_smoothing=0.9, FedNH_server_adv_prototype_agg=False, FedNH_client_adv_prototype_agg=False, FedROD_hyper_clf=True, FedROD_phead_separate=False, FedProto_lambda=0.1, FedRep_head_epochs=10, FedBABU_finetune_epoch=5, Ditto_lambda=0.75, CReFF_num_of_fl_feature=100, CReFF_match_epoch=100, CReFF_crt_epoch=300, CReFF_lr_net=0.01, CReFF_lr_feature=0.1)
2024-04-24 23:00:00,061 - results are saved in: ./Braintumor_FedNH/FedNH_braintumor_Conv2Cifar_noniid-label-distribution_beta_0.3_num_clients_10_participate_ratio_0.1_global_seed_0_FedNH_smoothing_0.9_FedNH_client_adv_prototype_agg_False_no_norm_False
2024-04-24 23:01:24,829 - #### START RUN ####
2024-04-24 23:01:24,832 - #### START RUN ####
2024-04-24 23:01:24,832 - Cac tham so truyen vao:
 Namespace(purpose='Braintumor', device='cuda:1', global_seed=0, use_wandb=False, keep_clients_model=False, no_norm=False, optimizer='SGD', num_epochs=5, client_lr=0.01, client_lr_scheduler='diminishing', sgd_momentum=0.9, sgd_weight_decay=1e-05, use_sam=False, yamlfile='./Cifar10_Conv2Cifar.yaml', strategy='FedNH', num_clients=10, num_rounds=200, participate_ratio=0.1, partition='noniid-label-distribution', beta='0.3', num_classes_per_client=None, num_shards_per_client=None, FedNH_smoothing=0.9, FedNH_server_adv_prototype_agg=False, FedNH_client_adv_prototype_agg=False, FedROD_hyper_clf=True, FedROD_phead_separate=False, FedProto_lambda=0.1, FedRep_head_epochs=10, FedBABU_finetune_epoch=5, Ditto_lambda=0.75, CReFF_num_of_fl_feature=100, CReFF_match_epoch=100, CReFF_crt_epoch=300, CReFF_lr_net=0.01, CReFF_lr_feature=0.1)
2024-04-24 23:01:24,836 - results are saved in: ./Braintumor_FedNH/FedNH_braintumor_Conv2Cifar_noniid-label-distribution_beta_0.3_num_clients_10_participate_ratio_0.1_global_seed_0_FedNH_smoothing_0.9_FedNH_client_adv_prototype_agg_False_no_norm_False
2024-04-24 23:02:02,737 - #### START RUN ####
2024-04-24 23:02:02,742 - #### START RUN ####
2024-04-24 23:02:02,742 - Cac tham so truyen vao:
 Namespace(purpose='Braintumor', device='cuda:1', global_seed=0, use_wandb=False, keep_clients_model=False, no_norm=False, optimizer='SGD', num_epochs=5, client_lr=0.01, client_lr_scheduler='diminishing', sgd_momentum=0.9, sgd_weight_decay=1e-05, use_sam=False, yamlfile='./Cifar10_Conv2Cifar.yaml', strategy='FedNH', num_clients=10, num_rounds=200, participate_ratio=0.1, partition='noniid-label-distribution', beta='0.3', num_classes_per_client=None, num_shards_per_client=None, FedNH_smoothing=0.9, FedNH_server_adv_prototype_agg=False, FedNH_client_adv_prototype_agg=False, FedROD_hyper_clf=True, FedROD_phead_separate=False, FedProto_lambda=0.1, FedRep_head_epochs=10, FedBABU_finetune_epoch=5, Ditto_lambda=0.75, CReFF_num_of_fl_feature=100, CReFF_match_epoch=100, CReFF_crt_epoch=300, CReFF_lr_net=0.01, CReFF_lr_feature=0.1)
2024-04-24 23:02:02,745 - results are saved in: ./Braintumor_FedNH/FedNH_braintumor_Conv2Cifar_noniid-label-distribution_beta_0.3_num_clients_10_participate_ratio_0.1_global_seed_0_FedNH_smoothing_0.9_FedNH_client_adv_prototype_agg_False_no_norm_False
2024-04-24 23:02:24,440 - #### START RUN ####
2024-04-24 23:02:24,442 - #### START RUN ####
2024-04-24 23:02:24,442 - Cac tham so truyen vao:
 Namespace(purpose='Braintumor', device='cuda:1', global_seed=0, use_wandb=False, keep_clients_model=False, no_norm=False, optimizer='SGD', num_epochs=5, client_lr=0.01, client_lr_scheduler='diminishing', sgd_momentum=0.9, sgd_weight_decay=1e-05, use_sam=False, yamlfile='./Cifar10_Conv2Cifar.yaml', strategy='FedNH', num_clients=10, num_rounds=200, participate_ratio=0.1, partition='noniid-label-distribution', beta='0.3', num_classes_per_client=None, num_shards_per_client=None, FedNH_smoothing=0.9, FedNH_server_adv_prototype_agg=False, FedNH_client_adv_prototype_agg=False, FedROD_hyper_clf=True, FedROD_phead_separate=False, FedProto_lambda=0.1, FedRep_head_epochs=10, FedBABU_finetune_epoch=5, Ditto_lambda=0.75, CReFF_num_of_fl_feature=100, CReFF_match_epoch=100, CReFF_crt_epoch=300, CReFF_lr_net=0.01, CReFF_lr_feature=0.1)
2024-04-24 23:02:24,446 - results are saved in: ./Braintumor_FedNH/FedNH_braintumor_Conv2Cifar_noniid-label-distribution_beta_0.3_num_clients_10_participate_ratio_0.1_global_seed_0_FedNH_smoothing_0.9_FedNH_client_adv_prototype_agg_False_no_norm_False
2024-04-24 23:03:08,538 - #### START RUN ####
2024-04-24 23:03:08,540 - #### START RUN ####
2024-04-24 23:03:08,540 - Cac tham so truyen vao:
 Namespace(purpose='Braintumor', device='cuda:1', global_seed=0, use_wandb=False, keep_clients_model=False, no_norm=False, optimizer='SGD', num_epochs=5, client_lr=0.01, client_lr_scheduler='diminishing', sgd_momentum=0.9, sgd_weight_decay=1e-05, use_sam=False, yamlfile='./Cifar10_Conv2Cifar.yaml', strategy='FedNH', num_clients=100, num_rounds=200, participate_ratio=0.1, partition='noniid-label-distribution', beta='0.3', num_classes_per_client=None, num_shards_per_client=None, FedNH_smoothing=0.9, FedNH_server_adv_prototype_agg=False, FedNH_client_adv_prototype_agg=False, FedROD_hyper_clf=True, FedROD_phead_separate=False, FedProto_lambda=0.1, FedRep_head_epochs=10, FedBABU_finetune_epoch=5, Ditto_lambda=0.75, CReFF_num_of_fl_feature=100, CReFF_match_epoch=100, CReFF_crt_epoch=300, CReFF_lr_net=0.01, CReFF_lr_feature=0.1)
2024-04-24 23:03:08,544 - results are saved in: ./Braintumor_FedNH/FedNH_braintumor_Conv2Cifar_noniid-label-distribution_beta_0.3_num_clients_100_participate_ratio_0.1_global_seed_0_FedNH_smoothing_0.9_FedNH_client_adv_prototype_agg_False_no_norm_False
2024-04-24 23:03:42,544 - #### START RUN ####
2024-04-24 23:03:42,546 - #### START RUN ####
2024-04-24 23:03:42,546 - Cac tham so truyen vao:
 Namespace(purpose='Braintumor', device='cuda:1', global_seed=0, use_wandb=False, keep_clients_model=False, no_norm=False, optimizer='SGD', num_epochs=5, client_lr=0.01, client_lr_scheduler='diminishing', sgd_momentum=0.9, sgd_weight_decay=1e-05, use_sam=False, yamlfile='./Cifar10_Conv2Cifar.yaml', strategy='FedNH', num_clients=40, num_rounds=200, participate_ratio=0.1, partition='noniid-label-distribution', beta='0.3', num_classes_per_client=None, num_shards_per_client=None, FedNH_smoothing=0.9, FedNH_server_adv_prototype_agg=False, FedNH_client_adv_prototype_agg=False, FedROD_hyper_clf=True, FedROD_phead_separate=False, FedProto_lambda=0.1, FedRep_head_epochs=10, FedBABU_finetune_epoch=5, Ditto_lambda=0.75, CReFF_num_of_fl_feature=100, CReFF_match_epoch=100, CReFF_crt_epoch=300, CReFF_lr_net=0.01, CReFF_lr_feature=0.1)
2024-04-24 23:03:42,551 - results are saved in: ./Braintumor_FedNH/FedNH_braintumor_Conv2Cifar_noniid-label-distribution_beta_0.3_num_clients_40_participate_ratio_0.1_global_seed_0_FedNH_smoothing_0.9_FedNH_client_adv_prototype_agg_False_no_norm_False
